<?xml version="1.0" encoding="UTF-8"?>
<!-- Generated by org.testng.reporters.JUnitXMLReporter -->
<testsuite ignored="22" hostname="LAPTOP-425OC920" failures="0" tests="1" name="Default test" time="35.339" errors="0" timestamp="2024-11-11T18:16:13 IST">
  <testcase classname="com.mvn.MainTest" name="selectMenuDetails" time="20.104"/>
  <testcase classname="com.mvn.MainTest" name="modalDiologsDetails" time="0.0">
    <ignored/>
  </testcase> <!-- modalDiologsDetails -->
  <testcase classname="com.mvn.MainTest" name="webtableDetails" time="0.0">
    <ignored/>
  </testcase> <!-- webtableDetails -->
  <testcase classname="com.mvn.MainTest" name="radioButtonDetails" time="0.0">
    <ignored/>
  </testcase> <!-- radioButtonDetails -->
  <testcase classname="com.mvn.MainTest" name="autoCompleteDetails" time="0.0">
    <ignored/>
  </testcase> <!-- autoCompleteDetails -->
  <testcase classname="com.mvn.MainTest" name="tabDetails" time="0.0">
    <ignored/>
  </testcase> <!-- tabDetails -->
  <testcase classname="com.mvn.MainTest" name="buttonsDetails" time="0.0">
    <ignored/>
  </testcase> <!-- buttonsDetails -->
  <testcase classname="com.mvn.MainTest" name="sliderDetails" time="0.0">
    <ignored/>
  </testcase> <!-- sliderDetails -->
  <testcase classname="com.mvn.MainTest" name="checkboxDetails" time="0.0">
    <ignored/>
  </testcase> <!-- checkboxDetails -->
  <testcase classname="com.mvn.MainTest" name="dynamicDetails" time="0.0">
    <ignored/>
  </testcase> <!-- dynamicDetails -->
  <testcase classname="com.mvn.MainTest" name="formDetails" time="0.0">
    <ignored/>
  </testcase> <!-- formDetails -->
  <testcase classname="com.mvn.MainTest" name="alertsDetails" time="0.0">
    <ignored/>
  </testcase> <!-- alertsDetails -->
  <testcase classname="com.mvn.MainTest" name="toolTipsDetails" time="0.0">
    <ignored/>
  </testcase> <!-- toolTipsDetails -->
  <testcase classname="com.mvn.MainTest" name="browserWindowsDetails" time="0.0">
    <ignored/>
  </testcase> <!-- browserWindowsDetails -->
  <testcase classname="com.mvn.MainTest" name="menuDetails" time="0.0">
    <ignored/>
  </testcase> <!-- menuDetails -->
  <testcase classname="com.mvn.MainTest" name="uploadDownloadDetails" time="0.0">
    <ignored/>
  </testcase> <!-- uploadDownloadDetails -->
  <testcase classname="com.mvn.MainTest" name="progressbarDetails" time="0.0">
    <ignored/>
  </testcase> <!-- progressbarDetails -->
  <testcase classname="com.mvn.MainTest" name="dataPickerDetails" time="0.0">
    <ignored/>
  </testcase> <!-- dataPickerDetails -->
  <testcase classname="com.mvn.MainTest" name="linksDetails" time="0.0">
    <ignored/>
  </testcase> <!-- linksDetails -->
  <testcase classname="com.mvn.MainTest" name="framesDetails" time="0.0">
    <ignored/>
  </testcase> <!-- framesDetails -->
  <testcase classname="com.mvn.MainTest" name="brokenlinksDetails" time="0.0">
    <ignored/>
  </testcase> <!-- brokenlinksDetails -->
  <testcase classname="com.mvn.MainTest" name="textBoxDetails" time="0.0">
    <ignored/>
  </testcase> <!-- textBoxDetails -->
  <testcase classname="com.mvn.MainTest" name="accordianDetails" time="0.0">
    <ignored/>
  </testcase> <!-- accordianDetails -->
</testsuite> <!-- Default test -->
