<?xml version="1.0" encoding="UTF-8"?>
<testng-results ignored="0" total="1" passed="1" failed="0" skipped="0">
  <reporter-output>
  </reporter-output>
  <suite started-at="2024-11-11T18:15:38 IST" name="Default suite" finished-at="2024-11-11T18:16:13 IST" duration-ms="35339">
    <groups>
    </groups>
    <test started-at="2024-11-11T18:15:38 IST" name="Default test" finished-at="2024-11-11T18:16:13 IST" duration-ms="35339">
      <class name="com.mvn.MainTest">
        <test-method is-config="true" signature="beforeTest()[pri:0, instance:com.mvn.MainTest@385c9627]" started-at="2024-11-11T18:15:38 IST" name="beforeTest" finished-at="2024-11-11T18:15:38 IST" duration-ms="46" status="PASS">
          <reporter-output>
          </reporter-output>
        </test-method> <!-- beforeTest -->
        <test-method is-config="true" signature="loadBrowser()[pri:0, instance:com.mvn.MainTest@385c9627]" started-at="2024-11-11T18:15:38 IST" name="loadBrowser" finished-at="2024-11-11T18:15:53 IST" duration-ms="15099" status="PASS">
          <reporter-output>
          </reporter-output>
        </test-method> <!-- loadBrowser -->
        <test-method signature="selectMenuDetails()[pri:21, instance:com.mvn.MainTest@385c9627]" started-at="2024-11-11T18:15:53 IST" name="selectMenuDetails" finished-at="2024-11-11T18:16:13 IST" duration-ms="20104" status="PASS">
          <reporter-output>
          </reporter-output>
        </test-method> <!-- selectMenuDetails -->
      </class> <!-- com.mvn.MainTest -->
    </test> <!-- Default test -->
  </suite> <!-- Default suite -->
</testng-results>
